<?xml version="1.0" encoding="UTF-8"?>
<!-- Generated by org.testng.reporters.JUnitReportReporter -->
<testsuite hostname="DESKTOP-Q4IG6RS" failures="0" tests="1" name="sample.Demo" time="0.018" errors="0" timestamp="2023-04-13T12:00:55 IST" skipped="0">
  <testcase classname="sample.Demo" name="demo" time="0.018"/>
  <system-out/>
</testsuite> <!-- sample.Demo -->
